Parallel Test Execution Results
Running tests with -n 1 --parallel-threads 1 --dist load
Iteration 1...
Execution Time: 35.449085381 seconds
Iteration 2...
Execution Time: 32.409149452 seconds
Iteration 3...
Execution Time: 33.233294437 seconds
Average Execution Time (Tpar): 33.69717642333333333333 seconds
-------------------------------------
Running tests with -n 1 --parallel-threads 1 --dist no
Iteration 1...
Execution Time: 32.120223175 seconds
Iteration 2...
Execution Time: 32.116438115 seconds
Iteration 3...
Execution Time: 32.562976892 seconds
Average Execution Time (Tpar): 32.26654606066666666666 seconds
-------------------------------------
Running tests with -n 1 --parallel-threads auto --dist load
Iteration 1...
Execution Time: 129.699263876 seconds
FAILED tests/test_compression.py::TestHuffmanCoding::test_huffman_coding - As...
FAILED tests/test_heap.py::TestBinaryHeap::test_insert - AssertionError: List...
FAILED tests/test_heap.py::TestBinaryHeap::test_remove_min - AssertionError: ...
FAILED tests/test_linkedlist.py::TestSuite::test_is_palindrome - AssertionErr...
Iteration 2...
Execution Time: 130.696260784 seconds
FAILED tests/test_compression.py::TestHuffmanCoding::test_huffman_coding - As...
FAILED tests/test_heap.py::TestBinaryHeap::test_insert - AssertionError: List...
FAILED tests/test_heap.py::TestBinaryHeap::test_remove_min - AssertionError: ...
FAILED tests/test_linkedlist.py::TestSuite::test_is_palindrome - AssertionErr...
FAILED tests/test_compression.py::TestHuffmanCoding::test_huffman_coding - As...
FAILED tests/test_heap.py::TestBinaryHeap::test_insert - AssertionError: List...
FAILED tests/test_heap.py::TestBinaryHeap::test_remove_min - AssertionError: ...
FAILED tests/test_linkedlist.py::TestSuite::test_is_palindrome - AssertionErr...
Iteration 3...
Execution Time: 131.106702634 seconds
FAILED tests/test_compression.py::TestHuffmanCoding::test_huffman_coding - As...
FAILED tests/test_heap.py::TestBinaryHeap::test_insert - AssertionError: List...
FAILED tests/test_heap.py::TestBinaryHeap::test_remove_min - AssertionError: ...
FAILED tests/test_linkedlist.py::TestSuite::test_is_palindrome - AssertionErr...
FAILED tests/test_compression.py::TestHuffmanCoding::test_huffman_coding - As...
FAILED tests/test_heap.py::TestBinaryHeap::test_insert - AssertionError: List...
FAILED tests/test_heap.py::TestBinaryHeap::test_remove_min - AssertionError: ...
FAILED tests/test_linkedlist.py::TestSuite::test_is_palindrome - AssertionErr...
FAILED tests/test_compression.py::TestHuffmanCoding::test_huffman_coding - As...
FAILED tests/test_heap.py::TestBinaryHeap::test_insert - AssertionError: List...
FAILED tests/test_heap.py::TestBinaryHeap::test_remove_min - AssertionError: ...
FAILED tests/test_linkedlist.py::TestSuite::test_is_palindrome - AssertionErr...
Average Execution Time (Tpar): 130.50074243133333333333 seconds
-------------------------------------
Running tests with -n 1 --parallel-threads auto --dist no
Iteration 1...
Execution Time: 130.982049743 seconds
FAILED tests/test_compression.py::TestHuffmanCoding::test_huffman_coding - As...
FAILED tests/test_heap.py::TestBinaryHeap::test_insert - AssertionError: List...
FAILED tests/test_heap.py::TestBinaryHeap::test_remove_min - AssertionError: ...
FAILED tests/test_linkedlist.py::TestSuite::test_is_palindrome - AssertionErr...
Iteration 2...
Execution Time: 135.293920107 seconds
FAILED tests/test_compression.py::TestHuffmanCoding::test_huffman_coding - As...
FAILED tests/test_heap.py::TestBinaryHeap::test_insert - AssertionError: List...
FAILED tests/test_heap.py::TestBinaryHeap::test_remove_min - AssertionError: ...
FAILED tests/test_linkedlist.py::TestSuite::test_is_palindrome - AssertionErr...
FAILED tests/test_compression.py::TestHuffmanCoding::test_huffman_coding - As...
FAILED tests/test_heap.py::TestBinaryHeap::test_insert - AssertionError: List...
FAILED tests/test_heap.py::TestBinaryHeap::test_remove_min - AssertionError: ...
FAILED tests/test_linkedlist.py::TestSuite::test_is_palindrome - AssertionErr...
Iteration 3...
Execution Time: 135.411314563 seconds
FAILED tests/test_compression.py::TestHuffmanCoding::test_huffman_coding - As...
FAILED tests/test_heap.py::TestBinaryHeap::test_insert - AssertionError: List...
FAILED tests/test_heap.py::TestBinaryHeap::test_remove_min - AssertionError: ...
FAILED tests/test_linkedlist.py::TestSuite::test_is_palindrome - AssertionErr...
FAILED tests/test_compression.py::TestHuffmanCoding::test_huffman_coding - As...
FAILED tests/test_heap.py::TestBinaryHeap::test_insert - AssertionError: List...
FAILED tests/test_heap.py::TestBinaryHeap::test_remove_min - AssertionError: ...
FAILED tests/test_linkedlist.py::TestSuite::test_is_palindrome - AssertionErr...
FAILED tests/test_compression.py::TestHuffmanCoding::test_huffman_coding - As...
FAILED tests/test_heap.py::TestBinaryHeap::test_insert - AssertionError: List...
FAILED tests/test_heap.py::TestBinaryHeap::test_remove_min - AssertionError: ...
FAILED tests/test_linkedlist.py::TestSuite::test_is_palindrome - AssertionErr...
Average Execution Time (Tpar): 133.89576147100000000000 seconds
-------------------------------------
Running tests with -n auto --parallel-threads 1 --dist load
Iteration 1...
Execution Time: 50.938481384 seconds
FAILED tests/test_compression.py::TestHuffmanCoding::test_huffman_coding - As...
FAILED tests/test_heap.py::TestBinaryHeap::test_insert - AssertionError: List...
FAILED tests/test_heap.py::TestBinaryHeap::test_remove_min - AssertionError: ...
FAILED tests/test_linkedlist.py::TestSuite::test_is_palindrome - AssertionErr...
FAILED tests/test_compression.py::TestHuffmanCoding::test_huffman_coding - As...
FAILED tests/test_heap.py::TestBinaryHeap::test_insert - AssertionError: List...
FAILED tests/test_heap.py::TestBinaryHeap::test_remove_min - AssertionError: ...
FAILED tests/test_linkedlist.py::TestSuite::test_is_palindrome - AssertionErr...
FAILED tests/test_compression.py::TestHuffmanCoding::test_huffman_coding - As...
FAILED tests/test_heap.py::TestBinaryHeap::test_insert - AssertionError: List...
FAILED tests/test_heap.py::TestBinaryHeap::test_remove_min - AssertionError: ...
FAILED tests/test_linkedlist.py::TestSuite::test_is_palindrome - AssertionErr...
Iteration 2...
Execution Time: 51.814308283 seconds
FAILED tests/test_compression.py::TestHuffmanCoding::test_huffman_coding - As...
FAILED tests/test_heap.py::TestBinaryHeap::test_insert - AssertionError: List...
FAILED tests/test_heap.py::TestBinaryHeap::test_remove_min - AssertionError: ...
FAILED tests/test_linkedlist.py::TestSuite::test_is_palindrome - AssertionErr...
FAILED tests/test_compression.py::TestHuffmanCoding::test_huffman_coding - As...
FAILED tests/test_heap.py::TestBinaryHeap::test_insert - AssertionError: List...
FAILED tests/test_heap.py::TestBinaryHeap::test_remove_min - AssertionError: ...
FAILED tests/test_linkedlist.py::TestSuite::test_is_palindrome - AssertionErr...
FAILED tests/test_compression.py::TestHuffmanCoding::test_huffman_coding - As...
FAILED tests/test_heap.py::TestBinaryHeap::test_insert - AssertionError: List...
FAILED tests/test_heap.py::TestBinaryHeap::test_remove_min - AssertionError: ...
FAILED tests/test_linkedlist.py::TestSuite::test_is_palindrome - AssertionErr...
Iteration 3...
Execution Time: 53.799989006 seconds
FAILED tests/test_compression.py::TestHuffmanCoding::test_huffman_coding - As...
FAILED tests/test_heap.py::TestBinaryHeap::test_insert - AssertionError: List...
FAILED tests/test_heap.py::TestBinaryHeap::test_remove_min - AssertionError: ...
FAILED tests/test_linkedlist.py::TestSuite::test_is_palindrome - AssertionErr...
FAILED tests/test_compression.py::TestHuffmanCoding::test_huffman_coding - As...
FAILED tests/test_heap.py::TestBinaryHeap::test_insert - AssertionError: List...
FAILED tests/test_heap.py::TestBinaryHeap::test_remove_min - AssertionError: ...
FAILED tests/test_linkedlist.py::TestSuite::test_is_palindrome - AssertionErr...
FAILED tests/test_compression.py::TestHuffmanCoding::test_huffman_coding - As...
FAILED tests/test_heap.py::TestBinaryHeap::test_insert - AssertionError: List...
FAILED tests/test_heap.py::TestBinaryHeap::test_remove_min - AssertionError: ...
FAILED tests/test_linkedlist.py::TestSuite::test_is_palindrome - AssertionErr...
Average Execution Time (Tpar): 52.18425955766666666666 seconds
-------------------------------------
Running tests with -n auto --parallel-threads 1 --dist no
Iteration 1...
Execution Time: 51.878820752 seconds
FAILED tests/test_compression.py::TestHuffmanCoding::test_huffman_coding - As...
FAILED tests/test_heap.py::TestBinaryHeap::test_insert - AssertionError: List...
FAILED tests/test_heap.py::TestBinaryHeap::test_remove_min - AssertionError: ...
FAILED tests/test_linkedlist.py::TestSuite::test_is_palindrome - AssertionErr...
FAILED tests/test_compression.py::TestHuffmanCoding::test_huffman_coding - As...
FAILED tests/test_heap.py::TestBinaryHeap::test_insert - AssertionError: List...
FAILED tests/test_heap.py::TestBinaryHeap::test_remove_min - AssertionError: ...
FAILED tests/test_linkedlist.py::TestSuite::test_is_palindrome - AssertionErr...
FAILED tests/test_compression.py::TestHuffmanCoding::test_huffman_coding - As...
FAILED tests/test_heap.py::TestBinaryHeap::test_insert - AssertionError: List...
FAILED tests/test_heap.py::TestBinaryHeap::test_remove_min - AssertionError: ...
FAILED tests/test_linkedlist.py::TestSuite::test_is_palindrome - AssertionErr...
Iteration 2...
Execution Time: 54.884494640 seconds
FAILED tests/test_compression.py::TestHuffmanCoding::test_huffman_coding - As...
FAILED tests/test_heap.py::TestBinaryHeap::test_insert - AssertionError: List...
FAILED tests/test_heap.py::TestBinaryHeap::test_remove_min - AssertionError: ...
FAILED tests/test_linkedlist.py::TestSuite::test_is_palindrome - AssertionErr...
FAILED tests/test_compression.py::TestHuffmanCoding::test_huffman_coding - As...
FAILED tests/test_heap.py::TestBinaryHeap::test_insert - AssertionError: List...
FAILED tests/test_heap.py::TestBinaryHeap::test_remove_min - AssertionError: ...
FAILED tests/test_linkedlist.py::TestSuite::test_is_palindrome - AssertionErr...
FAILED tests/test_compression.py::TestHuffmanCoding::test_huffman_coding - As...
FAILED tests/test_heap.py::TestBinaryHeap::test_insert - AssertionError: List...
FAILED tests/test_heap.py::TestBinaryHeap::test_remove_min - AssertionError: ...
FAILED tests/test_linkedlist.py::TestSuite::test_is_palindrome - AssertionErr...
Iteration 3...
Execution Time: 54.467132309 seconds
FAILED tests/test_compression.py::TestHuffmanCoding::test_huffman_coding - As...
FAILED tests/test_heap.py::TestBinaryHeap::test_insert - AssertionError: List...
FAILED tests/test_heap.py::TestBinaryHeap::test_remove_min - AssertionError: ...
FAILED tests/test_linkedlist.py::TestSuite::test_is_palindrome - AssertionErr...
FAILED tests/test_compression.py::TestHuffmanCoding::test_huffman_coding - As...
FAILED tests/test_heap.py::TestBinaryHeap::test_insert - AssertionError: List...
FAILED tests/test_heap.py::TestBinaryHeap::test_remove_min - AssertionError: ...
FAILED tests/test_linkedlist.py::TestSuite::test_is_palindrome - AssertionErr...
FAILED tests/test_compression.py::TestHuffmanCoding::test_huffman_coding - As...
FAILED tests/test_heap.py::TestBinaryHeap::test_insert - AssertionError: List...
FAILED tests/test_heap.py::TestBinaryHeap::test_remove_min - AssertionError: ...
FAILED tests/test_linkedlist.py::TestSuite::test_is_palindrome - AssertionErr...
Average Execution Time (Tpar): 53.74348256700000000000 seconds
-------------------------------------
Running tests with -n auto --parallel-threads auto --dist load
Iteration 1...
Execution Time: 115.070558643 seconds
FAILED tests/test_compression.py::TestHuffmanCoding::test_huffman_coding - As...
FAILED tests/test_heap.py::TestBinaryHeap::test_insert - AssertionError: List...
FAILED tests/test_heap.py::TestBinaryHeap::test_remove_min - AssertionError: ...
FAILED tests/test_linkedlist.py::TestSuite::test_is_palindrome - AssertionErr...
FAILED tests/test_compression.py::TestHuffmanCoding::test_huffman_coding - As...
FAILED tests/test_heap.py::TestBinaryHeap::test_insert - AssertionError: List...
FAILED tests/test_heap.py::TestBinaryHeap::test_remove_min - AssertionError: ...
FAILED tests/test_linkedlist.py::TestSuite::test_is_palindrome - AssertionErr...
FAILED tests/test_compression.py::TestHuffmanCoding::test_huffman_coding - As...
FAILED tests/test_heap.py::TestBinaryHeap::test_insert - AssertionError: List...
FAILED tests/test_heap.py::TestBinaryHeap::test_remove_min - AssertionError: ...
FAILED tests/test_linkedlist.py::TestSuite::test_is_palindrome - AssertionErr...
FAILED tests/test_heap.py::TestBinaryHeap::test_insert - AssertionError: List...
FAILED tests/test_linkedlist.py::TestSuite::test_is_palindrome - AssertionErr...
FAILED tests/test_heap.py::TestBinaryHeap::test_remove_min - AssertionError: ...
Iteration 2...
Execution Time: 111.752561468 seconds
FAILED tests/test_compression.py::TestHuffmanCoding::test_huffman_coding - As...
FAILED tests/test_heap.py::TestBinaryHeap::test_insert - AssertionError: List...
FAILED tests/test_heap.py::TestBinaryHeap::test_remove_min - AssertionError: ...
FAILED tests/test_linkedlist.py::TestSuite::test_is_palindrome - AssertionErr...
FAILED tests/test_compression.py::TestHuffmanCoding::test_huffman_coding - As...
FAILED tests/test_heap.py::TestBinaryHeap::test_insert - AssertionError: List...
FAILED tests/test_heap.py::TestBinaryHeap::test_remove_min - AssertionError: ...
FAILED tests/test_linkedlist.py::TestSuite::test_is_palindrome - AssertionErr...
FAILED tests/test_compression.py::TestHuffmanCoding::test_huffman_coding - As...
FAILED tests/test_heap.py::TestBinaryHeap::test_insert - AssertionError: List...
FAILED tests/test_heap.py::TestBinaryHeap::test_remove_min - AssertionError: ...
FAILED tests/test_linkedlist.py::TestSuite::test_is_palindrome - AssertionErr...
FAILED tests/test_heap.py::TestBinaryHeap::test_insert - AssertionError: List...
FAILED tests/test_linkedlist.py::TestSuite::test_is_palindrome - AssertionErr...
FAILED tests/test_heap.py::TestBinaryHeap::test_remove_min - AssertionError: ...
FAILED tests/test_heap.py::TestBinaryHeap::test_insert - AssertionError: List...
FAILED tests/test_linkedlist.py::TestSuite::test_is_palindrome - AssertionErr...
FAILED tests/test_heap.py::TestBinaryHeap::test_remove_min - AssertionError: ...
Iteration 3...
Execution Time: 112.402761081 seconds
FAILED tests/test_compression.py::TestHuffmanCoding::test_huffman_coding - As...
FAILED tests/test_heap.py::TestBinaryHeap::test_insert - AssertionError: List...
FAILED tests/test_heap.py::TestBinaryHeap::test_remove_min - AssertionError: ...
FAILED tests/test_linkedlist.py::TestSuite::test_is_palindrome - AssertionErr...
FAILED tests/test_compression.py::TestHuffmanCoding::test_huffman_coding - As...
FAILED tests/test_heap.py::TestBinaryHeap::test_insert - AssertionError: List...
FAILED tests/test_heap.py::TestBinaryHeap::test_remove_min - AssertionError: ...
FAILED tests/test_linkedlist.py::TestSuite::test_is_palindrome - AssertionErr...
FAILED tests/test_compression.py::TestHuffmanCoding::test_huffman_coding - As...
FAILED tests/test_heap.py::TestBinaryHeap::test_insert - AssertionError: List...
FAILED tests/test_heap.py::TestBinaryHeap::test_remove_min - AssertionError: ...
FAILED tests/test_linkedlist.py::TestSuite::test_is_palindrome - AssertionErr...
FAILED tests/test_heap.py::TestBinaryHeap::test_insert - AssertionError: List...
FAILED tests/test_linkedlist.py::TestSuite::test_is_palindrome - AssertionErr...
FAILED tests/test_heap.py::TestBinaryHeap::test_remove_min - AssertionError: ...
FAILED tests/test_heap.py::TestBinaryHeap::test_insert - AssertionError: List...
FAILED tests/test_linkedlist.py::TestSuite::test_is_palindrome - AssertionErr...
FAILED tests/test_heap.py::TestBinaryHeap::test_remove_min - AssertionError: ...
FAILED tests/test_linkedlist.py::TestSuite::test_is_palindrome - AssertionErr...
FAILED tests/test_heap.py::TestBinaryHeap::test_insert - AssertionError: List...
FAILED tests/test_heap.py::TestBinaryHeap::test_remove_min - AssertionError: ...
FAILED tests/test_compression.py::TestHuffmanCoding::test_huffman_coding - As...
Average Execution Time (Tpar): 113.07529373066666666666 seconds
-------------------------------------
Running tests with -n auto --parallel-threads auto --dist no
Iteration 1...
Execution Time: 112.686617972 seconds
FAILED tests/test_compression.py::TestHuffmanCoding::test_huffman_coding - As...
FAILED tests/test_heap.py::TestBinaryHeap::test_insert - AssertionError: List...
FAILED tests/test_heap.py::TestBinaryHeap::test_remove_min - AssertionError: ...
FAILED tests/test_linkedlist.py::TestSuite::test_is_palindrome - AssertionErr...
FAILED tests/test_compression.py::TestHuffmanCoding::test_huffman_coding - As...
FAILED tests/test_heap.py::TestBinaryHeap::test_insert - AssertionError: List...
FAILED tests/test_heap.py::TestBinaryHeap::test_remove_min - AssertionError: ...
FAILED tests/test_linkedlist.py::TestSuite::test_is_palindrome - AssertionErr...
FAILED tests/test_compression.py::TestHuffmanCoding::test_huffman_coding - As...
FAILED tests/test_heap.py::TestBinaryHeap::test_insert - AssertionError: List...
FAILED tests/test_heap.py::TestBinaryHeap::test_remove_min - AssertionError: ...
FAILED tests/test_linkedlist.py::TestSuite::test_is_palindrome - AssertionErr...
FAILED tests/test_heap.py::TestBinaryHeap::test_insert - AssertionError: List...
FAILED tests/test_heap.py::TestBinaryHeap::test_remove_min - AssertionError: ...
FAILED tests/test_linkedlist.py::TestSuite::test_is_palindrome - AssertionErr...
Iteration 2...
Execution Time: 111.891631232 seconds
FAILED tests/test_compression.py::TestHuffmanCoding::test_huffman_coding - As...
FAILED tests/test_heap.py::TestBinaryHeap::test_insert - AssertionError: List...
FAILED tests/test_heap.py::TestBinaryHeap::test_remove_min - AssertionError: ...
FAILED tests/test_linkedlist.py::TestSuite::test_is_palindrome - AssertionErr...
FAILED tests/test_compression.py::TestHuffmanCoding::test_huffman_coding - As...
FAILED tests/test_heap.py::TestBinaryHeap::test_insert - AssertionError: List...
FAILED tests/test_heap.py::TestBinaryHeap::test_remove_min - AssertionError: ...
FAILED tests/test_linkedlist.py::TestSuite::test_is_palindrome - AssertionErr...
FAILED tests/test_compression.py::TestHuffmanCoding::test_huffman_coding - As...
FAILED tests/test_heap.py::TestBinaryHeap::test_insert - AssertionError: List...
FAILED tests/test_heap.py::TestBinaryHeap::test_remove_min - AssertionError: ...
FAILED tests/test_linkedlist.py::TestSuite::test_is_palindrome - AssertionErr...
FAILED tests/test_heap.py::TestBinaryHeap::test_insert - AssertionError: List...
FAILED tests/test_heap.py::TestBinaryHeap::test_remove_min - AssertionError: ...
FAILED tests/test_linkedlist.py::TestSuite::test_is_palindrome - AssertionErr...
FAILED tests/test_heap.py::TestBinaryHeap::test_insert - AssertionError: List...
FAILED tests/test_heap.py::TestBinaryHeap::test_remove_min - AssertionError: ...
FAILED tests/test_linkedlist.py::TestSuite::test_is_palindrome - AssertionErr...
FAILED tests/test_compression.py::TestHuffmanCoding::test_huffman_coding - As...
Iteration 3...
Execution Time: 113.791481172 seconds
FAILED tests/test_compression.py::TestHuffmanCoding::test_huffman_coding - As...
FAILED tests/test_heap.py::TestBinaryHeap::test_insert - AssertionError: List...
FAILED tests/test_heap.py::TestBinaryHeap::test_remove_min - AssertionError: ...
FAILED tests/test_linkedlist.py::TestSuite::test_is_palindrome - AssertionErr...
FAILED tests/test_compression.py::TestHuffmanCoding::test_huffman_coding - As...
FAILED tests/test_heap.py::TestBinaryHeap::test_insert - AssertionError: List...
FAILED tests/test_heap.py::TestBinaryHeap::test_remove_min - AssertionError: ...
FAILED tests/test_linkedlist.py::TestSuite::test_is_palindrome - AssertionErr...
FAILED tests/test_compression.py::TestHuffmanCoding::test_huffman_coding - As...
FAILED tests/test_heap.py::TestBinaryHeap::test_insert - AssertionError: List...
FAILED tests/test_heap.py::TestBinaryHeap::test_remove_min - AssertionError: ...
FAILED tests/test_linkedlist.py::TestSuite::test_is_palindrome - AssertionErr...
FAILED tests/test_heap.py::TestBinaryHeap::test_insert - AssertionError: List...
FAILED tests/test_heap.py::TestBinaryHeap::test_remove_min - AssertionError: ...
FAILED tests/test_linkedlist.py::TestSuite::test_is_palindrome - AssertionErr...
FAILED tests/test_heap.py::TestBinaryHeap::test_insert - AssertionError: List...
FAILED tests/test_heap.py::TestBinaryHeap::test_remove_min - AssertionError: ...
FAILED tests/test_linkedlist.py::TestSuite::test_is_palindrome - AssertionErr...
FAILED tests/test_compression.py::TestHuffmanCoding::test_huffman_coding - As...
FAILED tests/test_linkedlist.py::TestSuite::test_is_palindrome - AssertionErr...
FAILED tests/test_heap.py::TestBinaryHeap::test_insert - AssertionError: List...
FAILED tests/test_heap.py::TestBinaryHeap::test_remove_min - AssertionError: ...
FAILED tests/test_compression.py::TestHuffmanCoding::test_huffman_coding - As...
Average Execution Time (Tpar): 112.78991012533333333333 seconds
-------------------------------------
